<?xml version="1.0" encoding="UTF-8"?>
<!-- Generated by org.testng.reporters.JUnitReportReporter -->
<testsuite hostname="Jubin" failures="0" tests="1" name="TestPkg.LoginTest" time="7.618" errors="0" timestamp="2024-08-30T10:05:52 IST" skipped="0">
  <testcase classname="TestPkg.LoginTest" name="SwagLoginTest" time="7.618"/>
</testsuite> <!-- TestPkg.LoginTest -->
